[debug] [2022-08-17T20:48:22.898Z] ----------------------------------------------------------------------
[debug] [2022-08-17T20:48:22.901Z] Command:       C:\Program Files\nodejs\node.exe C:\Users\jfran\AppData\Roaming\npm\node_modules\firebase-tools\lib\bin\firebase.js emulators:start
[debug] [2022-08-17T20:48:22.902Z] CLI Version:   11.7.0
[debug] [2022-08-17T20:48:22.902Z] Platform:      win32
[debug] [2022-08-17T20:48:22.903Z] Node Version:  v16.16.0
[debug] [2022-08-17T20:48:22.904Z] Time:          Wed Aug 17 2022 15:48:22 GMT-0500 (Central Daylight Time)
[debug] [2022-08-17T20:48:22.904Z] ----------------------------------------------------------------------
[debug] 
[debug] [2022-08-17T20:48:23.005Z] > command requires scopes: ["email","openid","https://www.googleapis.com/auth/cloudplatformprojects.readonly","https://www.googleapis.com/auth/firebase","https://www.googleapis.com/auth/cloud-platform"]
[debug] [2022-08-17T20:48:23.005Z] > authorizing via signed-in user (jfranco376@gmail.com)
[info] i  emulators: Starting emulators: functions {"metadata":{"emulator":{"name":"hub"},"message":"Starting emulators: functions"}}
[debug] [2022-08-17T20:48:23.047Z] [hub] writing locator at C:\Users\jfran\AppData\Local\Temp\hub-learn-firebase-573be.json
[warn] !  functions: The following emulators are not running, calls to these services from the Functions emulator will affect production: auth, firestore, database, hosting, pubsub, storage, eventarc {"metadata":{"emulator":{"name":"functions"},"message":"The following emulators are not running, calls to these services from the Functions emulator will affect production: \u001b[1mauth, firestore, database, hosting, pubsub, storage, eventarc\u001b[22m"}}
[info] +  functions: Using node@16 from host. {"metadata":{"emulator":{"name":"functions"},"message":"Using node@16 from host."}}
[debug] [2022-08-17T20:48:23.092Z] defaultcredentials: writing to file C:\Users\jfran\AppData\Roaming\firebase\jfranco376_gmail_com_application_default_credentials.json
[debug] [2022-08-17T20:48:23.101Z] Setting GAC to C:\Users\jfran\AppData\Roaming\firebase\jfranco376_gmail_com_application_default_credentials.json {"metadata":{"emulator":{"name":"functions"},"message":"Setting GAC to C:\\Users\\jfran\\AppData\\Roaming\\firebase\\jfranco376_gmail_com_application_default_credentials.json"}}
[debug] [2022-08-17T20:48:23.104Z] > refreshing access token with scopes: []
[debug] [2022-08-17T20:48:23.107Z] >>> [apiv2][query] POST https://www.googleapis.com/oauth2/v3/token [none]
[debug] [2022-08-17T20:48:23.107Z] >>> [apiv2][body] POST https://www.googleapis.com/oauth2/v3/token [omitted]
[debug] [2022-08-17T20:48:23.271Z] <<< [apiv2][status] POST https://www.googleapis.com/oauth2/v3/token 200
[debug] [2022-08-17T20:48:23.271Z] <<< [apiv2][body] POST https://www.googleapis.com/oauth2/v3/token [omitted]
[debug] [2022-08-17T20:48:23.293Z] >>> [apiv2][query] GET https://firebase.googleapis.com/v1beta1/projects/learn-firebase-573be/adminSdkConfig [none]
[debug] [2022-08-17T20:48:23.593Z] <<< [apiv2][status] GET https://firebase.googleapis.com/v1beta1/projects/learn-firebase-573be/adminSdkConfig 200
[debug] [2022-08-17T20:48:23.593Z] <<< [apiv2][body] GET https://firebase.googleapis.com/v1beta1/projects/learn-firebase-573be/adminSdkConfig {"projectId":"learn-firebase-573be","storageBucket":"learn-firebase-573be.appspot.com","locationId":"us-central"}
[debug] [2022-08-17T20:48:23.889Z] Ignoring unsupported arg: auto_download {"metadata":{"emulator":{"name":"ui"},"message":"Ignoring unsupported arg: auto_download"}}
[debug] [2022-08-17T20:48:23.889Z] Ignoring unsupported arg: port {"metadata":{"emulator":{"name":"ui"},"message":"Ignoring unsupported arg: port"}}
[debug] [2022-08-17T20:48:23.890Z] Starting Emulator UI with command {"binary":"node","args":["C:\\Users\\jfran\\.cache\\firebase\\emulators\\ui-v1.9.0\\server\\server.js"],"optionalArgs":[],"joinArgs":false} {"metadata":{"emulator":{"name":"ui"},"message":"Starting Emulator UI with command {\"binary\":\"node\",\"args\":[\"C:\\\\Users\\\\jfran\\\\.cache\\\\firebase\\\\emulators\\\\ui-v1.9.0\\\\server\\\\server.js\"],\"optionalArgs\":[],\"joinArgs\":false}"}}
[info] i  ui: Emulator UI logging to ui-debug.log {"metadata":{"emulator":{"name":"ui"},"message":"Emulator UI logging to \u001b[1mui-debug.log\u001b[22m"}}
[debug] [2022-08-17T20:48:24.121Z] Web / API server started at localhost:4000
 {"metadata":{"emulator":{"name":"ui"},"message":"Web / API server started at localhost:4000\n"}}
[info] i  functions: Watching "C:\devFolder\React\learn-firebase\functions" for Cloud Functions... {"metadata":{"emulator":{"name":"functions"},"message":"Watching \"C:\\devFolder\\React\\learn-firebase\\functions\" for Cloud Functions..."}}
[debug] [2022-08-17T20:48:24.201Z] Validating nodejs source
[debug] [2022-08-17T20:48:28.128Z] > [functions] package.json contents: {
  "name": "functions",
  "description": "Cloud Functions for Firebase",
  "scripts": {
    "lint": "eslint .",
    "serve": "firebase emulators:start --only functions",
    "shell": "firebase functions:shell",
    "start": "npm run shell",
    "deploy": "firebase deploy --only functions",
    "logs": "firebase functions:log"
  },
  "engines": {
    "node": "16"
  },
  "main": "index.js",
  "dependencies": {
    "firebase-admin": "^10.0.2",
    "firebase-functions": "^3.18.0"
  },
  "devDependencies": {
    "eslint": "^8.9.0",
    "eslint-config-google": "^0.14.0",
    "firebase-functions-test": "^0.2.0"
  },
  "private": true
}
[debug] [2022-08-17T20:48:28.128Z] Building nodejs source
[debug] [2022-08-17T20:48:28.128Z] Analyzing nodejs backend spec
[debug] [2022-08-17T20:48:28.131Z] Could not find functions.yaml. Must use http discovery
[debug] [2022-08-17T20:48:28.426Z] Serving at port 9005

[debug] [2022-08-17T20:48:28.500Z] Got response from /__/functions.yaml {"endpoints":{"helloWorld":{"platform":"gcfv1","httpsTrigger":{},"entryPoint":"helloWorld"},"addAdminRole":{"platform":"gcfv1","labels":{},"callableTrigger":{},"entryPoint":"addAdminRole"}},"specVersion":"v1alpha1","requiredAPIs":[]}
[debug] [2022-08-17T20:48:28.510Z] shutdown requested via /__/quitquitquit

[info] +  functions: Loaded functions definitions from source: helloWorld, addAdminRole. {"metadata":{"emulator":{"name":"functions"},"message":"Loaded functions definitions from source: helloWorld, addAdminRole."}}
[info] +  functions[us-central1-helloWorld]: http function initialized (http://localhost:5001/learn-firebase-573be/us-central1/helloWorld). {"metadata":{"emulator":{"name":"functions"},"message":"\u001b[1mhttp\u001b[22m function initialized (http://localhost:5001/learn-firebase-573be/us-central1/helloWorld)."}}
[info] +  functions[us-central1-addAdminRole]: http function initialized (http://localhost:5001/learn-firebase-573be/us-central1/addAdminRole). {"metadata":{"emulator":{"name":"functions"},"message":"\u001b[1mhttp\u001b[22m function initialized (http://localhost:5001/learn-firebase-573be/us-central1/addAdminRole)."}}
[info] 
┌─────────────────────────────────────────────────────────────┐
│ ✔  All emulators ready! It is now safe to connect your app. │
│ i  View Emulator UI at http://localhost:4000                │
└─────────────────────────────────────────────────────────────┘

┌───────────┬────────────────┬─────────────────────────────────┐
│ Emulator  │ Host:Port      │ View in Emulator UI             │
├───────────┼────────────────┼─────────────────────────────────┤
│ Functions │ localhost:5001 │ http://localhost:4000/functions │
└───────────┴────────────────┴─────────────────────────────────┘
  Emulator Hub running at localhost:4400
  Other reserved ports: 4500

Issues? Report them at https://github.com/firebase/firebase-tools/issues and attach the *-debug.log files.
 
[debug] [2022-08-18T14:08:31.601Z] [work-queue] {"queueLength":1,"workRunningCount":0}
[debug] [2022-08-18T14:08:31.603Z] [work-queue] {"queueLength":0,"workRunningCount":1}
[debug] [2022-08-18T14:08:31.605Z] Accepted request GET /learn-firebase-573be/us-central1/helloWorld --> us-central1-helloWorld
[debug] [2022-08-18T14:08:31.634Z] [worker-pool] addWorker(us-central1-helloWorld) {"metadata":{"emulator":{"name":"functions"},"message":"[worker-pool] addWorker(us-central1-helloWorld)"}}
[debug] [2022-08-18T14:08:31.634Z] [worker-pool] Adding worker with key us-central1-helloWorld, total=1 {"metadata":{"emulator":{"name":"functions"},"message":"[worker-pool] Adding worker with key us-central1-helloWorld, total=1"}}
[debug] [2022-08-18T14:08:31.635Z] [worker-pool] submitWork(triggerId=us-central1-helloWorld) {"metadata":{"emulator":{"name":"functions"},"message":"[worker-pool] submitWork(triggerId=us-central1-helloWorld)"}}
[debug] [2022-08-18T14:08:31.635Z] [worker-us-central1-helloWorld-748c0119-8d85-4908-ac3e-43d791f7884b]: BUSY {"metadata":{"emulator":{"name":"functions"},"message":"[worker-us-central1-helloWorld-748c0119-8d85-4908-ac3e-43d791f7884b]: BUSY"}}
[debug] [2022-08-18T14:08:34.816Z] [runtime-status] [1708] Resolved module firebase-admin {"declared":true,"installed":true,"version":"10.3.0","resolution":"C:\\devFolder\\React\\learn-firebase\\functions\\node_modules\\firebase-admin\\lib\\index.js"} {"metadata":{"emulator":{"name":"functions"},"function":{"name":"us-central1-helloWorld"},"extension":{},"message":"[runtime-status] [1708] Resolved module firebase-admin {\"declared\":true,\"installed\":true,\"version\":\"10.3.0\",\"resolution\":\"C:\\\\devFolder\\\\React\\\\learn-firebase\\\\functions\\\\node_modules\\\\firebase-admin\\\\lib\\\\index.js\"}"}}
[debug] [2022-08-18T14:08:34.818Z] [runtime-status] [1708] Resolved module firebase-functions {"declared":true,"installed":true,"version":"3.22.0","resolution":"C:\\devFolder\\React\\learn-firebase\\functions\\node_modules\\firebase-functions\\lib\\index.js"} {"metadata":{"emulator":{"name":"functions"},"function":{"name":"us-central1-helloWorld"},"extension":{},"message":"[runtime-status] [1708] Resolved module firebase-functions {\"declared\":true,\"installed\":true,\"version\":\"3.22.0\",\"resolution\":\"C:\\\\devFolder\\\\React\\\\learn-firebase\\\\functions\\\\node_modules\\\\firebase-functions\\\\lib\\\\index.js\"}"}}
[debug] [2022-08-18T14:08:34.818Z] [runtime-status] [1708] Outgoing network have been stubbed. [{"name":"http","status":"mocked"},{"name":"http","status":"mocked"},{"name":"https","status":"mocked"},{"name":"https","status":"mocked"},{"name":"net","status":"mocked"}] {"metadata":{"emulator":{"name":"functions"},"function":{"name":"us-central1-helloWorld"},"extension":{},"message":"[runtime-status] [1708] Outgoing network have been stubbed. [{\"name\":\"http\",\"status\":\"mocked\"},{\"name\":\"http\",\"status\":\"mocked\"},{\"name\":\"https\",\"status\":\"mocked\"},{\"name\":\"https\",\"status\":\"mocked\"},{\"name\":\"net\",\"status\":\"mocked\"}]"}}
[debug] [2022-08-18T14:08:34.819Z] [runtime-status] [1708] Resolved module firebase-functions {"declared":true,"installed":true,"version":"3.22.0","resolution":"C:\\devFolder\\React\\learn-firebase\\functions\\node_modules\\firebase-functions\\lib\\index.js"} {"metadata":{"emulator":{"name":"functions"},"function":{"name":"us-central1-helloWorld"},"extension":{},"message":"[runtime-status] [1708] Resolved module firebase-functions {\"declared\":true,\"installed\":true,\"version\":\"3.22.0\",\"resolution\":\"C:\\\\devFolder\\\\React\\\\learn-firebase\\\\functions\\\\node_modules\\\\firebase-functions\\\\lib\\\\index.js\"}"}}
[debug] [2022-08-18T14:08:34.912Z] [runtime-status] [1708] Checked functions.config() {"config":{}} {"metadata":{"emulator":{"name":"functions"},"function":{"name":"us-central1-helloWorld"},"extension":{},"message":"[runtime-status] [1708] Checked functions.config() {\"config\":{}}"}}
[debug] [2022-08-18T14:08:34.912Z] [runtime-status] [1708] firebase-functions has been stubbed. {"functionsResolution":{"declared":true,"installed":true,"version":"3.22.0","resolution":"C:\\devFolder\\React\\learn-firebase\\functions\\node_modules\\firebase-functions\\lib\\index.js"}} {"metadata":{"emulator":{"name":"functions"},"function":{"name":"us-central1-helloWorld"},"extension":{},"message":"[runtime-status] [1708] firebase-functions has been stubbed. {\"functionsResolution\":{\"declared\":true,\"installed\":true,\"version\":\"3.22.0\",\"resolution\":\"C:\\\\devFolder\\\\React\\\\learn-firebase\\\\functions\\\\node_modules\\\\firebase-functions\\\\lib\\\\index.js\"}}"}}
[debug] [2022-08-18T14:08:34.914Z] [runtime-status] [1708] Resolved module firebase-functions {"declared":true,"installed":true,"version":"3.22.0","resolution":"C:\\devFolder\\React\\learn-firebase\\functions\\node_modules\\firebase-functions\\lib\\index.js"} {"metadata":{"emulator":{"name":"functions"},"function":{"name":"us-central1-helloWorld"},"extension":{},"message":"[runtime-status] [1708] Resolved module firebase-functions {\"declared\":true,\"installed\":true,\"version\":\"3.22.0\",\"resolution\":\"C:\\\\devFolder\\\\React\\\\learn-firebase\\\\functions\\\\node_modules\\\\firebase-functions\\\\lib\\\\index.js\"}"}}
[debug] [2022-08-18T14:08:34.915Z] [runtime-status] [1708] Resolved module firebase-admin {"declared":true,"installed":true,"version":"10.3.0","resolution":"C:\\devFolder\\React\\learn-firebase\\functions\\node_modules\\firebase-admin\\lib\\index.js"} {"metadata":{"emulator":{"name":"functions"},"function":{"name":"us-central1-helloWorld"},"extension":{},"message":"[runtime-status] [1708] Resolved module firebase-admin {\"declared\":true,\"installed\":true,\"version\":\"10.3.0\",\"resolution\":\"C:\\\\devFolder\\\\React\\\\learn-firebase\\\\functions\\\\node_modules\\\\firebase-admin\\\\lib\\\\index.js\"}"}}
[debug] [2022-08-18T14:08:34.916Z] [runtime-status] [1708] Resolved module firebase-functions {"declared":true,"installed":true,"version":"3.22.0","resolution":"C:\\devFolder\\React\\learn-firebase\\functions\\node_modules\\firebase-functions\\lib\\index.js"} {"metadata":{"emulator":{"name":"functions"},"function":{"name":"us-central1-helloWorld"},"extension":{},"message":"[runtime-status] [1708] Resolved module firebase-functions {\"declared\":true,\"installed\":true,\"version\":\"3.22.0\",\"resolution\":\"C:\\\\devFolder\\\\React\\\\learn-firebase\\\\functions\\\\node_modules\\\\firebase-functions\\\\lib\\\\index.js\"}"}}
[debug] [2022-08-18T14:08:34.916Z] [runtime-status] [1708] firebase-admin has been stubbed. {"adminResolution":{"declared":true,"installed":true,"version":"10.3.0","resolution":"C:\\devFolder\\React\\learn-firebase\\functions\\node_modules\\firebase-admin\\lib\\index.js"}} {"metadata":{"emulator":{"name":"functions"},"function":{"name":"us-central1-helloWorld"},"extension":{},"message":"[runtime-status] [1708] firebase-admin has been stubbed. {\"adminResolution\":{\"declared\":true,\"installed\":true,\"version\":\"10.3.0\",\"resolution\":\"C:\\\\devFolder\\\\React\\\\learn-firebase\\\\functions\\\\node_modules\\\\firebase-admin\\\\lib\\\\index.js\"}}"}}
[debug] [2022-08-18T14:08:34.916Z] [runtime-status] [1708] Functions runtime initialized. {"cwd":"C:\\devFolder\\React\\learn-firebase\\functions","node_version":"16.16.0"} {"metadata":{"emulator":{"name":"functions"},"function":{"name":"us-central1-helloWorld"},"extension":{},"message":"[runtime-status] [1708] Functions runtime initialized. {\"cwd\":\"C:\\\\devFolder\\\\React\\\\learn-firebase\\\\functions\",\"node_version\":\"16.16.0\"}"}}
[debug] [2022-08-18T14:08:34.920Z] [runtime-status] [1708] initializeApp(DEFAULT) {"storageBucket":"learn-firebase-573be.appspot.com","projectId":"learn-firebase-573be"} {"metadata":{"emulator":{"name":"functions"},"function":{"name":"us-central1-helloWorld"},"extension":{},"message":"[runtime-status] [1708] initializeApp(DEFAULT) {\"storageBucket\":\"learn-firebase-573be.appspot.com\",\"projectId\":\"learn-firebase-573be\"}"}}
[debug] [2022-08-18T14:08:34.920Z] [runtime-status] [1708] Beginning invocation function helloWorld! {"metadata":{"emulator":{"name":"functions"},"function":{"name":"us-central1-helloWorld"},"extension":{},"message":"[runtime-status] [1708] Beginning invocation function helloWorld!"}}
[info] i  functions: Beginning execution of "helloWorld" {"metadata":{"emulator":{"name":"functions"},"function":{"name":"us-central1-helloWorld"},"extension":{},"message":"Beginning execution of \"helloWorld\""}}
[debug] [2022-08-18T14:08:34.922Z] [runtime-status] [1708] Running helloWorld in signature http {"metadata":{"emulator":{"name":"functions"},"function":{"name":"us-central1-helloWorld"},"extension":{},"message":"[runtime-status] [1708] Running helloWorld in signature http"}}
[debug] [2022-08-18T14:08:34.925Z] [runtime-status] [1708] Listening to port: \\?\pipe\fire_emu_20c162992859f409 {"metadata":{"emulator":{"name":"functions"},"function":{"name":"us-central1-helloWorld"},"extension":{},"message":"[runtime-status] [1708] Listening to port: \\\\?\\pipe\\fire_emu_20c162992859f409"}}
[debug] [2022-08-18T14:08:35.019Z] [functions] Runtime ready! Sending request! {"metadata":{"emulator":{"name":"functions"},"message":"[functions] Runtime ready! Sending request!"}}
[debug] [2022-08-18T14:08:35.021Z] [functions] Got req.url=/learn-firebase-573be/us-central1/helloWorld, mapping to path=/ {"metadata":{"emulator":{"name":"functions"},"message":"[functions] Got req.url=/learn-firebase-573be/us-central1/helloWorld, mapping to path=/"}}
[debug] [2022-08-18T14:08:35.025Z] [runtime-status] [1708] Ephemeral server handling GET request {"metadata":{"emulator":{"name":"functions"},"function":{"name":"us-central1-helloWorld"},"extension":{},"message":"[runtime-status] [1708] Ephemeral server handling GET request"}}
[info] >  {"structuredData":true,"severity":"INFO","message":"Hello logs!"} {"user":{"structuredData":true,"severity":"INFO","message":"Hello logs!"},"metadata":{"emulator":{"name":"functions"},"function":{"name":"us-central1-helloWorld"},"extension":{},"message":"\u001b[90m> \u001b[39m {\"structuredData\":true,\"severity\":\"INFO\",\"message\":\"Hello logs!\"}"}}
[debug] [2022-08-18T14:08:35.032Z] [runtime-status] [1708] Ephemeral server survived. {"metadata":{"emulator":{"name":"functions"},"function":{"name":"us-central1-helloWorld"},"extension":{},"message":"[runtime-status] [1708] Ephemeral server survived."}}
[info] i  functions: Finished "helloWorld" in ~1s {"metadata":{"emulator":{"name":"functions"},"function":{"name":"us-central1-helloWorld"},"extension":{},"message":"Finished \"helloWorld\" in ~1s"}}
[debug] [2022-08-18T14:08:35.034Z] [worker-us-central1-helloWorld-748c0119-8d85-4908-ac3e-43d791f7884b]: IDLE {"metadata":{"emulator":{"name":"functions"},"message":"[worker-us-central1-helloWorld-748c0119-8d85-4908-ac3e-43d791f7884b]: IDLE"}}
[debug] [2022-08-18T14:08:35.035Z] [work-queue] {"queueLength":0,"workRunningCount":0}
[debug] [2022-08-18T14:08:35.092Z] Functions emulator received unknown request at path /favicon.ico
